<?xml version="1.0" encoding="UTF-8"?>
<testng-results skipped="0" failed="0" ignored="0" total="1" passed="1">
  <reporter-output>
  </reporter-output>
  <suite name="Default suite" duration-ms="44650" started-at="2020-03-23T06:02:32Z" finished-at="2020-03-23T06:03:17Z">
    <groups>
      <group name="cucumber">
        <method signature="TestRunner.feature(cucumber.api.testng.CucumberFeatureWrapper)[pri:0, instance:MyRunner.TestRunner@3108bc]" name="feature" class="MyRunner.TestRunner"/>
      </group> <!-- cucumber -->
    </groups>
    <test name="Default test" duration-ms="44650" started-at="2020-03-23T06:02:32Z" finished-at="2020-03-23T06:03:17Z">
      <class name="MyRunner.TestRunner">
        <test-method status="PASS" signature="setUpClass()[pri:0, instance:MyRunner.TestRunner@3108bc]" name="setUpClass" is-config="true" duration-ms="281" started-at="2020-03-23T06:02:32Z" finished-at="2020-03-23T06:02:33Z">
          <reporter-output>
          </reporter-output>
        </test-method> <!-- setUpClass -->
        <test-method status="PASS" signature="feature(cucumber.api.testng.CucumberFeatureWrapper)[pri:0, instance:MyRunner.TestRunner@3108bc]" name="feature" duration-ms="44106" started-at="2020-03-23T06:02:33Z" description="Runs Cucumber Feature" data-provider="features" finished-at="2020-03-23T06:03:17Z">
          <params>
            <param index="0">
              <value>
                <![CDATA[To Automate the given website]]>
              </value>
            </param>
          </params>
          <reporter-output>
          </reporter-output>
        </test-method> <!-- feature -->
        <test-method status="PASS" signature="tearDownClass()[pri:0, instance:MyRunner.TestRunner@3108bc]" name="tearDownClass" is-config="true" duration-ms="99" started-at="2020-03-23T06:03:17Z" finished-at="2020-03-23T06:03:17Z">
          <reporter-output>
          </reporter-output>
        </test-method> <!-- tearDownClass -->
      </class> <!-- MyRunner.TestRunner -->
    </test> <!-- Default test -->
  </suite> <!-- Default suite -->
</testng-results>
